C:\STUDY\CS4221\MICROQL\MICROQL\DEBUG\BTREE.OBJ
C:\Study\CS4221\MicroQL\MicroQL\Debug\cl.command.1.tlog
C:\Study\CS4221\MicroQL\MicroQL\Debug\CL.read.1.tlog
C:\Study\CS4221\MicroQL\MicroQL\Debug\CL.write.1.tlog
C:\STUDY\CS4221\MICROQL\MICROQL\DEBUG\COMMONUTILITY.OBJ
C:\STUDY\CS4221\MICROQL\MICROQL\DEBUG\FILEMANAGER.OBJ
C:\Study\CS4221\MicroQL\MicroQL\Debug\link.2336.read.1.tlog
C:\Study\CS4221\MicroQL\MicroQL\Debug\link.2336.write.1.tlog
C:\Study\CS4221\MicroQL\MicroQL\Debug\link.2336-cvtres.read.1.tlog
C:\Study\CS4221\MicroQL\MicroQL\Debug\link.2336-cvtres.write.1.tlog
C:\Study\CS4221\MicroQL\MicroQL\Debug\link.2512.read.1.tlog
C:\Study\CS4221\MicroQL\MicroQL\Debug\link.2512.write.1.tlog
C:\Study\CS4221\MicroQL\MicroQL\Debug\link.2512-cvtres.read.1.tlog
C:\Study\CS4221\MicroQL\MicroQL\Debug\link.2512-cvtres.write.1.tlog
C:\Study\CS4221\MicroQL\MicroQL\Debug\link.2580.read.1.tlog
C:\Study\CS4221\MicroQL\MicroQL\Debug\link.2580.write.1.tlog
C:\Study\CS4221\MicroQL\MicroQL\Debug\link.2580-cvtres.read.1.tlog
C:\Study\CS4221\MicroQL\MicroQL\Debug\link.2580-cvtres.write.1.tlog
C:\Study\CS4221\MicroQL\MicroQL\Debug\link.2660.read.1.tlog
C:\Study\CS4221\MicroQL\MicroQL\Debug\link.2660.write.1.tlog
C:\Study\CS4221\MicroQL\MicroQL\Debug\link.2660-cvtres.read.1.tlog
C:\Study\CS4221\MicroQL\MicroQL\Debug\link.2660-cvtres.write.1.tlog
C:\Study\CS4221\MicroQL\MicroQL\Debug\link.2832.read.1.tlog
C:\Study\CS4221\MicroQL\MicroQL\Debug\link.2832.write.1.tlog
C:\Study\CS4221\MicroQL\MicroQL\Debug\link.2832-cvtres.read.1.tlog
C:\Study\CS4221\MicroQL\MicroQL\Debug\link.2832-cvtres.write.1.tlog
C:\Study\CS4221\MicroQL\MicroQL\Debug\link.3000.read.1.tlog
C:\Study\CS4221\MicroQL\MicroQL\Debug\link.3000.write.1.tlog
C:\Study\CS4221\MicroQL\MicroQL\Debug\link.3000-cvtres.read.1.tlog
C:\Study\CS4221\MicroQL\MicroQL\Debug\link.3000-cvtres.write.1.tlog
C:\Study\CS4221\MicroQL\MicroQL\Debug\link.3080.read.1.tlog
C:\Study\CS4221\MicroQL\MicroQL\Debug\link.3080.write.1.tlog
C:\Study\CS4221\MicroQL\MicroQL\Debug\link.3080-cvtres.read.1.tlog
C:\Study\CS4221\MicroQL\MicroQL\Debug\link.3080-cvtres.write.1.tlog
C:\Study\CS4221\MicroQL\MicroQL\Debug\link.3100.read.1.tlog
C:\Study\CS4221\MicroQL\MicroQL\Debug\link.3100.write.1.tlog
C:\Study\CS4221\MicroQL\MicroQL\Debug\link.3100-cvtres.read.1.tlog
C:\Study\CS4221\MicroQL\MicroQL\Debug\link.3100-cvtres.write.1.tlog
C:\Study\CS4221\MicroQL\MicroQL\Debug\link.324.read.1.tlog
C:\Study\CS4221\MicroQL\MicroQL\Debug\link.324.write.1.tlog
C:\Study\CS4221\MicroQL\MicroQL\Debug\link.324-cvtres.read.1.tlog
C:\Study\CS4221\MicroQL\MicroQL\Debug\link.324-cvtres.write.1.tlog
C:\Study\CS4221\MicroQL\MicroQL\Debug\link.3376.read.1.tlog
C:\Study\CS4221\MicroQL\MicroQL\Debug\link.3376.write.1.tlog
C:\Study\CS4221\MicroQL\MicroQL\Debug\link.3376-cvtres.read.1.tlog
C:\Study\CS4221\MicroQL\MicroQL\Debug\link.3376-cvtres.write.1.tlog
C:\Study\CS4221\MicroQL\MicroQL\Debug\link.3572.read.1.tlog
C:\Study\CS4221\MicroQL\MicroQL\Debug\link.3572.write.1.tlog
C:\Study\CS4221\MicroQL\MicroQL\Debug\link.3572-cvtres.read.1.tlog
C:\Study\CS4221\MicroQL\MicroQL\Debug\link.3572-cvtres.write.1.tlog
C:\Study\CS4221\MicroQL\MicroQL\Debug\link.3680.read.1.tlog
C:\Study\CS4221\MicroQL\MicroQL\Debug\link.3680.write.1.tlog
C:\Study\CS4221\MicroQL\MicroQL\Debug\link.3680-cvtres.read.1.tlog
C:\Study\CS4221\MicroQL\MicroQL\Debug\link.3680-cvtres.write.1.tlog
C:\Study\CS4221\MicroQL\MicroQL\Debug\link.3896.read.1.tlog
C:\Study\CS4221\MicroQL\MicroQL\Debug\link.3896.write.1.tlog
C:\Study\CS4221\MicroQL\MicroQL\Debug\link.3896-cvtres.read.1.tlog
C:\Study\CS4221\MicroQL\MicroQL\Debug\link.3896-cvtres.write.1.tlog
C:\Study\CS4221\MicroQL\MicroQL\Debug\link.3924.read.1.tlog
C:\Study\CS4221\MicroQL\MicroQL\Debug\link.3924.write.1.tlog
C:\Study\CS4221\MicroQL\MicroQL\Debug\link.3924-cvtres.read.1.tlog
C:\Study\CS4221\MicroQL\MicroQL\Debug\link.3924-cvtres.write.1.tlog
C:\Study\CS4221\MicroQL\MicroQL\Debug\link.4656.read.1.tlog
C:\Study\CS4221\MicroQL\MicroQL\Debug\link.4656.write.1.tlog
C:\Study\CS4221\MicroQL\MicroQL\Debug\link.4656-cvtres.read.1.tlog
C:\Study\CS4221\MicroQL\MicroQL\Debug\link.4656-cvtres.write.1.tlog
C:\Study\CS4221\MicroQL\MicroQL\Debug\link.4716.read.1.tlog
C:\Study\CS4221\MicroQL\MicroQL\Debug\link.4716.write.1.tlog
C:\Study\CS4221\MicroQL\MicroQL\Debug\link.4716-cvtres.read.1.tlog
C:\Study\CS4221\MicroQL\MicroQL\Debug\link.4716-cvtres.write.1.tlog
C:\Study\CS4221\MicroQL\MicroQL\Debug\link.4984.read.1.tlog
C:\Study\CS4221\MicroQL\MicroQL\Debug\link.4984.write.1.tlog
C:\Study\CS4221\MicroQL\MicroQL\Debug\link.4984-cvtres.read.1.tlog
C:\Study\CS4221\MicroQL\MicroQL\Debug\link.4984-cvtres.write.1.tlog
C:\Study\CS4221\MicroQL\MicroQL\Debug\link.5204.read.1.tlog
C:\Study\CS4221\MicroQL\MicroQL\Debug\link.5204.write.1.tlog
C:\Study\CS4221\MicroQL\MicroQL\Debug\link.5204-cvtres.read.1.tlog
C:\Study\CS4221\MicroQL\MicroQL\Debug\link.5204-cvtres.write.1.tlog
C:\Study\CS4221\MicroQL\MicroQL\Debug\link.5256.read.1.tlog
C:\Study\CS4221\MicroQL\MicroQL\Debug\link.5256.write.1.tlog
C:\Study\CS4221\MicroQL\MicroQL\Debug\link.5256-cvtres.read.1.tlog
C:\Study\CS4221\MicroQL\MicroQL\Debug\link.5256-cvtres.write.1.tlog
C:\Study\CS4221\MicroQL\MicroQL\Debug\link.5816.read.1.tlog
C:\Study\CS4221\MicroQL\MicroQL\Debug\link.5816.write.1.tlog
C:\Study\CS4221\MicroQL\MicroQL\Debug\link.5816-cvtres.read.1.tlog
C:\Study\CS4221\MicroQL\MicroQL\Debug\link.5816-cvtres.write.1.tlog
C:\Study\CS4221\MicroQL\MicroQL\Debug\link.6008.read.1.tlog
C:\Study\CS4221\MicroQL\MicroQL\Debug\link.6008.write.1.tlog
C:\Study\CS4221\MicroQL\MicroQL\Debug\link.6008-cvtres.read.1.tlog
C:\Study\CS4221\MicroQL\MicroQL\Debug\link.6008-cvtres.write.1.tlog
C:\Study\CS4221\MicroQL\MicroQL\Debug\link.command.1.tlog
C:\Study\CS4221\MicroQL\MicroQL\Debug\link.read.1.tlog
C:\Study\CS4221\MicroQL\MicroQL\Debug\link.write.1.tlog
C:\Study\CS4221\MicroQL\MicroQL\Debug\link-cvtres.read.1.tlog
C:\Study\CS4221\MicroQL\MicroQL\Debug\link-cvtres.write.1.tlog
C:\STUDY\CS4221\MICROQL\MICROQL\DEBUG\MICROQL.EXE
C:\Study\CS4221\MicroQL\MicroQL\Debug\MicroQL.exe.embed.manifest
C:\STUDY\CS4221\MICROQL\MICROQL\DEBUG\MICROQL.EXE.EMBED.MANIFEST.RES
C:\STUDY\CS4221\MICROQL\MICROQL\DEBUG\MICROQL.EXE.INTERMEDIATE.MANIFEST
C:\STUDY\CS4221\MICROQL\MICROQL\DEBUG\MICROQL.ILK
C:\STUDY\CS4221\MICROQL\MICROQL\DEBUG\MICROQL.OBJ
C:\STUDY\CS4221\MICROQL\MICROQL\DEBUG\MICROQL.PCH
C:\STUDY\CS4221\MICROQL\MICROQL\DEBUG\MICROQL.PDB
C:\Study\CS4221\MicroQL\MicroQL\Debug\MicroQL_manifest.rc
C:\Study\CS4221\MicroQL\MicroQL\Debug\mt.command.1.tlog
C:\Study\CS4221\MicroQL\MicroQL\Debug\mt.read.1.tlog
C:\Study\CS4221\MicroQL\MicroQL\Debug\mt.write.1.tlog
C:\STUDY\CS4221\MICROQL\MICROQL\DEBUG\PAGEMANAGER.OBJ
C:\STUDY\CS4221\MICROQL\MICROQL\DEBUG\PARSER.OBJ
C:\STUDY\CS4221\MICROQL\MICROQL\DEBUG\QUERYPLAN.OBJ
C:\Study\CS4221\MicroQL\MicroQL\Debug\rc.command.1.tlog
C:\Study\CS4221\MicroQL\MicroQL\Debug\rc.read.1.tlog
C:\Study\CS4221\MicroQL\MicroQL\Debug\rc.write.1.tlog
C:\STUDY\CS4221\MICROQL\MICROQL\DEBUG\SELECT.OBJ
C:\STUDY\CS4221\MICROQL\MICROQL\DEBUG\SELECTCONDITION.OBJ
C:\STUDY\CS4221\MICROQL\MICROQL\DEBUG\STDAFX.OBJ
C:\STUDY\CS4221\MICROQL\MICROQL\DEBUG\STORAGEMANAGER.OBJ
C:\STUDY\CS4221\MICROQL\MICROQL\DEBUG\TABLEDEFINITION.OBJ
C:\STUDY\CS4221\MICROQL\MICROQL\DEBUG\TABLEDICTIONARY.OBJ
C:\STUDY\CS4221\MICROQL\MICROQL\DEBUG\TABLERESULT.OBJ
C:\Study\CS4221\MicroQL\MicroQL\Debug\vc100.idb
C:\STUDY\CS4221\MICROQL\MICROQL\DEBUG\VC100.PDB
