Build started 10/21/2013 2:23:42 PM.
     1>Project "C:\Study\CS4221\MicroQL\MicroQL\MicroQL.vcxproj" on node 2 (build target(s)).
     1>InitializeBuildStatus:
         Touching "Debug\MicroQL.unsuccessfulbuild".
       ClCompile:
         All outputs are up-to-date.
         C:\Program Files (x86)\Microsoft Visual Studio 10.0\VC\bin\CL.exe /c /IC:\Study\CS4221\MicroQL\MicroQL\ /ZI /nologo /W3 /WX- /Od /Oy- /D WIN32 /D _DEBUG /D _CONSOLE /D _UNICODE /D UNICODE /Gm /EHsc /RTC1 /MDd /GS /fp:precise /Zc:wchar_t /Zc:forScope /Yu"StdAfx.h" /Fp"Debug\MicroQL.pch" /Fo"Debug\\" /Fd"Debug\vc100.pdb" /Gd /TP /analyze- /errorReport:prompt MicroQL.cpp Select.cpp
         Select.cpp
     1>c:\study\cs4221\microql\microql\storage\btree.h(5): warning C4067: unexpected tokens following preprocessor directive - expected a newline
     1>c:\study\cs4221\microql\microql\storage\btree.h(7): warning C4067: unexpected tokens following preprocessor directive - expected a newline
     1>c:\study\cs4221\microql\microql\storage\btree.h(8): warning C4067: unexpected tokens following preprocessor directive - expected a newline
     1>c:\study\cs4221\microql\microql\storage\btree.h(9): warning C4067: unexpected tokens following preprocessor directive - expected a newline
     1>c:\study\cs4221\microql\microql\database\mqltuplemanager.h(4): warning C4067: unexpected tokens following preprocessor directive - expected a newline
     1>c:\study\cs4221\microql\microql\database\mqltuple.h(43): warning C4101: 'columnLength' : unreferenced local variable
     1>c:\study\cs4221\microql\microql\database\mqltuplemanager.h(9): warning C4067: unexpected tokens following preprocessor directive - expected a newline
     1>c:\study\cs4221\microql\microql\select.cpp(30): warning C4101: 'trPtr' : unreferenced local variable
     1>c:\study\cs4221\microql\microql\select.cpp(208): warning C4018: '<' : signed/unsigned mismatch
     1>c:\study\cs4221\microql\microql\select.cpp(387): warning C4018: '<' : signed/unsigned mismatch
     1>c:\study\cs4221\microql\microql\select.cpp(530): warning C4018: '<' : signed/unsigned mismatch
     1>c:\study\cs4221\microql\microql\select.cpp(576): warning C4018: '<' : signed/unsigned mismatch
     1>c:\study\cs4221\microql\microql\select.cpp(581): warning C4018: '<' : signed/unsigned mismatch
     1>c:\study\cs4221\microql\microql\select.cpp(597): warning C4018: '<' : signed/unsigned mismatch
     1>c:\study\cs4221\microql\microql\select.cpp(605): warning C4018: '<' : signed/unsigned mismatch
     1>c:\study\cs4221\microql\microql\select.cpp(623): warning C4018: '<' : signed/unsigned mismatch
     1>c:\study\cs4221\microql\microql\select.cpp(650): warning C4018: '<' : signed/unsigned mismatch
     1>c:\study\cs4221\microql\microql\select.cpp(659): warning C4018: '<' : signed/unsigned mismatch
     1>c:\study\cs4221\microql\microql\select.cpp(710): warning C4018: '<' : signed/unsigned mismatch
     1>c:\study\cs4221\microql\microql\select.cpp(718): warning C4018: '>=' : signed/unsigned mismatch
     1>c:\study\cs4221\microql\microql\select.cpp(740): warning C4018: '<' : signed/unsigned mismatch
     1>c:\study\cs4221\microql\microql\select.cpp(755): warning C4018: '<' : signed/unsigned mismatch
     1>c:\study\cs4221\microql\microql\select.cpp(780): warning C4018: '<' : signed/unsigned mismatch
     1>c:\study\cs4221\microql\microql\select.cpp(852): warning C4018: '<' : signed/unsigned mismatch
     1>c:\study\cs4221\microql\microql\select.cpp(971): warning C4018: '<' : signed/unsigned mismatch
     1>c:\study\cs4221\microql\microql\select.cpp(985): warning C4018: '<' : signed/unsigned mismatch
     1>c:\study\cs4221\microql\microql\select.cpp(1019): warning C4018: '<' : signed/unsigned mismatch
     1>c:\study\cs4221\microql\microql\select.cpp(1055): warning C4018: '<' : signed/unsigned mismatch
     1>c:\study\cs4221\microql\microql\select.cpp(1069): warning C4018: '<' : signed/unsigned mismatch
     1>c:\study\cs4221\microql\microql\select.cpp(1078): warning C4018: '<' : signed/unsigned mismatch
     1>c:\study\cs4221\microql\microql\select.cpp(1174): warning C4996: 'strtok': This function or variable may be unsafe. Consider using strtok_s instead. To disable deprecation, use _CRT_SECURE_NO_WARNINGS. See online help for details.
                 c:\program files (x86)\microsoft visual studio 10.0\vc\include\string.h(197) : see declaration of 'strtok'
     1>c:\study\cs4221\microql\microql\select.cpp(1180): warning C4996: 'strtok': This function or variable may be unsafe. Consider using strtok_s instead. To disable deprecation, use _CRT_SECURE_NO_WARNINGS. See online help for details.
                 c:\program files (x86)\microsoft visual studio 10.0\vc\include\string.h(197) : see declaration of 'strtok'
         MicroQL.cpp
     1>c:\study\cs4221\microql\microql\storage\btree.h(5): warning C4067: unexpected tokens following preprocessor directive - expected a newline
     1>c:\study\cs4221\microql\microql\storage\btree.h(7): warning C4067: unexpected tokens following preprocessor directive - expected a newline
     1>c:\study\cs4221\microql\microql\storage\btree.h(8): warning C4067: unexpected tokens following preprocessor directive - expected a newline
     1>c:\study\cs4221\microql\microql\storage\btree.h(9): warning C4067: unexpected tokens following preprocessor directive - expected a newline
     1>c:\study\cs4221\microql\microql\database\mqltuplemanager.h(4): warning C4067: unexpected tokens following preprocessor directive - expected a newline
     1>c:\study\cs4221\microql\microql\database\mqltuple.h(43): warning C4101: 'columnLength' : unreferenced local variable
     1>c:\study\cs4221\microql\microql\database\mqltuplemanager.h(9): warning C4067: unexpected tokens following preprocessor directive - expected a newline
     1>c:\study\cs4221\microql\microql\microql.cpp(8): warning C4067: unexpected tokens following preprocessor directive - expected a newline
     1>c:\study\cs4221\microql\microql\microql.cpp(9): warning C4067: unexpected tokens following preprocessor directive - expected a newline
     1>c:\study\cs4221\microql\microql\microql.cpp(10): warning C4067: unexpected tokens following preprocessor directive - expected a newline
     1>c:\study\cs4221\microql\microql\microql.cpp(12): warning C4067: unexpected tokens following preprocessor directive - expected a newline
     1>c:\study\cs4221\microql\microql\microql.cpp(13): warning C4067: unexpected tokens following preprocessor directive - expected a newline
     1>c:\study\cs4221\microql\microql\microql.cpp(14): warning C4067: unexpected tokens following preprocessor directive - expected a newline
     1>c:\study\cs4221\microql\microql\microql.cpp(15): warning C4067: unexpected tokens following preprocessor directive - expected a newline
     1>c:\study\cs4221\microql\microql\microql.cpp(17): warning C4067: unexpected tokens following preprocessor directive - expected a newline
         Generating Code...
       ManifestResourceCompile:
         All outputs are up-to-date.
       Link:
         C:\Program Files (x86)\Microsoft Visual Studio 10.0\VC\bin\link.exe /ERRORREPORT:PROMPT /OUT:"C:\Study\CS4221\MicroQL\MicroQL\Debug\MicroQL.exe" /INCREMENTAL /NOLOGO kernel32.lib user32.lib gdi32.lib winspool.lib comdlg32.lib advapi32.lib shell32.lib ole32.lib oleaut32.lib uuid.lib odbc32.lib odbccp32.lib /MANIFEST /ManifestFile:"Debug\MicroQL.exe.intermediate.manifest" /MANIFESTUAC:"level='asInvoker' uiAccess='false'" /DEBUG /PDB:"C:\Study\CS4221\MicroQL\MicroQL\Debug\MicroQL.pdb" /SUBSYSTEM:CONSOLE /TLBID:1 /DYNAMICBASE /NXCOMPAT /IMPLIB:"C:\Study\CS4221\MicroQL\MicroQL\Debug\MicroQL.lib" /MACHINE:X86 Debug\MicroQL.exe.embed.manifest.res
         Debug\CommonUtility.obj
         Debug\InsertDefinition.obj
         Debug\TableDefinition.obj
         Debug\TableDictionary.obj
         Debug\TableResult.obj
         Debug\MicroQL.obj
         Debug\Parser.obj
         Debug\QueryPlan.obj
         Debug\Select.obj
         Debug\SelectCondition.obj
         Debug\stdafx.obj
         Debug\BTree.obj
         Debug\FileManager.obj
         Debug\PageManager.obj
         Debug\StorageManager.obj
       Manifest:
         C:\Program Files (x86)\Microsoft SDKs\Windows\v7.0A\bin\mt.exe /nologo /verbose /out:"Debug\MicroQL.exe.embed.manifest" /manifest Debug\MicroQL.exe.intermediate.manifest
         All outputs are up-to-date.
       LinkEmbedManifest:
         All outputs are up-to-date.
         MicroQL.vcxproj -> C:\Study\CS4221\MicroQL\MicroQL\Debug\MicroQL.exe
       FinalizeBuildStatus:
         Deleting file "Debug\MicroQL.unsuccessfulbuild".
         Touching "Debug\MicroQL.lastbuildstate".
     1>Done Building Project "C:\Study\CS4221\MicroQL\MicroQL\MicroQL.vcxproj" (build target(s)).

Build succeeded.

Time Elapsed 00:00:06.14
